{"level":"error","message":"two password Not equal","timestamp":"2023-06-01T11:37:59.779Z"}
{"level":"error","message":"two password Not equal","timestamp":"2023-06-01T11:37:59.784Z"}
{"level":"error","message":"wrong signup","timestamp":"2023-06-01T11:38:15.163Z"}
{"level":"info","message":"created tamerman371@gmail.com","timestamp":"2023-06-05T07:29:50.315Z"}
{"level":"info","message":"download one ","timestamp":"2023-06-05T07:33:37.854Z"}
{"level":"info","message":"download one ","timestamp":"2023-06-05T07:33:38.912Z"}
{"level":"error","message":"incorrect email","timestamp":"2023-06-05T07:35:05.220Z"}
{"level":"error","message":"Incorrect password","timestamp":"2023-06-05T07:40:18.505Z"}
{"level":"error","message":"system crashed try again ","timestamp":"2023-06-05T08:02:50.608Z"}
{"level":"info","message":"download one ","timestamp":"2023-06-09T16:16:58.423Z"}
{"level":"info","message":"download one ","timestamp":"2023-06-09T16:16:59.212Z"}
{"level":"info","message":"download one ","timestamp":"2023-06-09T16:17:02.954Z"}
{"level":"info","message":"download one ","timestamp":"2023-06-09T16:24:24.887Z"}
{"level":"info","message":"download one ","timestamp":"2023-06-09T16:26:17.862Z"}
{"level":"info","message":"download one ","timestamp":"2023-06-09T16:26:42.565Z"}
{"level":"info","message":"download one ","timestamp":"2023-06-09T16:27:39.290Z"}
{"level":"info","message":"download one ","timestamp":"2023-06-09T16:29:01.849Z"}
{"level":"info","message":"download one ","timestamp":"2023-06-09T16:29:19.149Z"}
{"level":"info","message":"download one ","timestamp":"2023-06-09T16:29:37.326Z"}
{"level":"info","message":"download one ","timestamp":"2023-06-09T16:29:57.763Z"}
{"level":"info","message":"download one ","timestamp":"2023-06-09T16:33:24.396Z"}
{"level":"info","message":"download one ","timestamp":"2023-06-09T16:34:24.729Z"}
{"level":"info","message":"download one ","timestamp":"2023-06-09T16:38:27.696Z"}
{"level":"info","message":"download one ","timestamp":"2023-06-09T16:38:47.451Z"}
{"level":"info","message":"download one ","timestamp":"2023-06-09T16:39:51.468Z"}
{"level":"info","message":"download one ","timestamp":"2023-06-09T16:43:45.480Z"}
{"level":"info","message":"download one ","timestamp":"2023-06-09T16:44:18.645Z"}
{"level":"info","message":"download one ","timestamp":"2023-06-09T16:44:19.051Z"}
{"level":"info","message":"download one ","timestamp":"2023-06-09T16:44:19.204Z"}
{"level":"info","message":"download one ","timestamp":"2023-06-09T16:44:19.357Z"}
{"level":"info","message":"download one ","timestamp":"2023-06-09T16:45:10.315Z"}
{"level":"info","message":"download one ","timestamp":"2023-06-09T16:45:35.804Z"}
{"level":"info","message":"download one ","timestamp":"2023-06-09T16:49:04.160Z"}
{"level":"info","message":"download one ","timestamp":"2023-06-09T16:51:13.267Z"}
{"level":"info","message":"download one ","timestamp":"2023-06-09T16:51:49.366Z"}
{"level":"info","message":"download one ","timestamp":"2023-06-09T16:52:52.785Z"}
{"level":"error","message":"error while downloading  result is not defined","stack":"ReferenceError: result is not defined\n    at download (d:\\program\\web\\java_script\\Node\\my_project\\ketabk\\controller\\booksController.js:71:34)\n    at Layer.handle [as handle_request] (d:\\program\\web\\java_script\\Node\\my_project\\ketabk\\node_modules\\express\\lib\\router\\layer.js:95:5)\n    at next (d:\\program\\web\\java_script\\Node\\my_project\\ketabk\\node_modules\\express\\lib\\router\\route.js:144:13)\n    at Route.dispatch (d:\\program\\web\\java_script\\Node\\my_project\\ketabk\\node_modules\\express\\lib\\router\\route.js:114:3)\n    at Layer.handle [as handle_request] (d:\\program\\web\\java_script\\Node\\my_project\\ketabk\\node_modules\\express\\lib\\router\\layer.js:95:5)\n    at d:\\program\\web\\java_script\\Node\\my_project\\ketabk\\node_modules\\express\\lib\\router\\index.js:284:15\n    at Function.process_params (d:\\program\\web\\java_script\\Node\\my_project\\ketabk\\node_modules\\express\\lib\\router\\index.js:346:12)\n    at next (d:\\program\\web\\java_script\\Node\\my_project\\ketabk\\node_modules\\express\\lib\\router\\index.js:280:10)\n    at Function.handle (d:\\program\\web\\java_script\\Node\\my_project\\ketabk\\node_modules\\express\\lib\\router\\index.js:175:3)\n    at router (d:\\program\\web\\java_script\\Node\\my_project\\ketabk\\node_modules\\express\\lib\\router\\index.js:47:12)","timestamp":"2023-06-09T17:40:45.413Z"}
{"level":"info","message":"download one ","timestamp":"2023-06-09T17:41:27.484Z"}
{"level":"error","message":"error while downloading  Image is not defined","stack":"ReferenceError: Image is not defined\n    at download (d:\\program\\web\\java_script\\Node\\my_project\\ketabk\\controller\\booksController.js:68:58)\n    at Layer.handle [as handle_request] (d:\\program\\web\\java_script\\Node\\my_project\\ketabk\\node_modules\\express\\lib\\router\\layer.js:95:5)\n    at next (d:\\program\\web\\java_script\\Node\\my_project\\ketabk\\node_modules\\express\\lib\\router\\route.js:144:13)\n    at Route.dispatch (d:\\program\\web\\java_script\\Node\\my_project\\ketabk\\node_modules\\express\\lib\\router\\route.js:114:3)\n    at Layer.handle [as handle_request] (d:\\program\\web\\java_script\\Node\\my_project\\ketabk\\node_modules\\express\\lib\\router\\layer.js:95:5)\n    at d:\\program\\web\\java_script\\Node\\my_project\\ketabk\\node_modules\\express\\lib\\router\\index.js:284:15\n    at Function.process_params (d:\\program\\web\\java_script\\Node\\my_project\\ketabk\\node_modules\\express\\lib\\router\\index.js:346:12)\n    at next (d:\\program\\web\\java_script\\Node\\my_project\\ketabk\\node_modules\\express\\lib\\router\\index.js:280:10)\n    at Function.handle (d:\\program\\web\\java_script\\Node\\my_project\\ketabk\\node_modules\\express\\lib\\router\\index.js:175:3)\n    at router (d:\\program\\web\\java_script\\Node\\my_project\\ketabk\\node_modules\\express\\lib\\router\\index.js:47:12)","timestamp":"2023-06-09T17:43:56.108Z"}
{"level":"error","message":"error while downloading  image is not defined","stack":"ReferenceError: image is not defined\n    at download (d:\\program\\web\\java_script\\Node\\my_project\\ketabk\\controller\\booksController.js:68:58)\n    at Layer.handle [as handle_request] (d:\\program\\web\\java_script\\Node\\my_project\\ketabk\\node_modules\\express\\lib\\router\\layer.js:95:5)\n    at next (d:\\program\\web\\java_script\\Node\\my_project\\ketabk\\node_modules\\express\\lib\\router\\route.js:144:13)\n    at Route.dispatch (d:\\program\\web\\java_script\\Node\\my_project\\ketabk\\node_modules\\express\\lib\\router\\route.js:114:3)\n    at Layer.handle [as handle_request] (d:\\program\\web\\java_script\\Node\\my_project\\ketabk\\node_modules\\express\\lib\\router\\layer.js:95:5)\n    at d:\\program\\web\\java_script\\Node\\my_project\\ketabk\\node_modules\\express\\lib\\router\\index.js:284:15\n    at Function.process_params (d:\\program\\web\\java_script\\Node\\my_project\\ketabk\\node_modules\\express\\lib\\router\\index.js:346:12)\n    at next (d:\\program\\web\\java_script\\Node\\my_project\\ketabk\\node_modules\\express\\lib\\router\\index.js:280:10)\n    at Function.handle (d:\\program\\web\\java_script\\Node\\my_project\\ketabk\\node_modules\\express\\lib\\router\\index.js:175:3)\n    at router (d:\\program\\web\\java_script\\Node\\my_project\\ketabk\\node_modules\\express\\lib\\router\\index.js:47:12)","timestamp":"2023-06-09T17:44:09.693Z"}
{"level":"info","message":"download one ","timestamp":"2023-06-09T17:44:34.710Z"}
{"level":"error","message":"error while downloading  image is not defined","stack":"ReferenceError: image is not defined\n    at download (d:\\program\\web\\java_script\\Node\\my_project\\ketabk\\controller\\booksController.js:68:53)\n    at Layer.handle [as handle_request] (d:\\program\\web\\java_script\\Node\\my_project\\ketabk\\node_modules\\express\\lib\\router\\layer.js:95:5)\n    at next (d:\\program\\web\\java_script\\Node\\my_project\\ketabk\\node_modules\\express\\lib\\router\\route.js:144:13)\n    at Route.dispatch (d:\\program\\web\\java_script\\Node\\my_project\\ketabk\\node_modules\\express\\lib\\router\\route.js:114:3)\n    at Layer.handle [as handle_request] (d:\\program\\web\\java_script\\Node\\my_project\\ketabk\\node_modules\\express\\lib\\router\\layer.js:95:5)\n    at d:\\program\\web\\java_script\\Node\\my_project\\ketabk\\node_modules\\express\\lib\\router\\index.js:284:15\n    at Function.process_params (d:\\program\\web\\java_script\\Node\\my_project\\ketabk\\node_modules\\express\\lib\\router\\index.js:346:12)\n    at next (d:\\program\\web\\java_script\\Node\\my_project\\ketabk\\node_modules\\express\\lib\\router\\index.js:280:10)\n    at Function.handle (d:\\program\\web\\java_script\\Node\\my_project\\ketabk\\node_modules\\express\\lib\\router\\index.js:175:3)\n    at router (d:\\program\\web\\java_script\\Node\\my_project\\ketabk\\node_modules\\express\\lib\\router\\index.js:47:12)","timestamp":"2023-06-09T17:44:55.700Z"}
{"level":"error","message":"error while downloading  image is not defined","stack":"ReferenceError: image is not defined\n    at download (d:\\program\\web\\java_script\\Node\\my_project\\ketabk\\controller\\booksController.js:68:53)\n    at Layer.handle [as handle_request] (d:\\program\\web\\java_script\\Node\\my_project\\ketabk\\node_modules\\express\\lib\\router\\layer.js:95:5)\n    at next (d:\\program\\web\\java_script\\Node\\my_project\\ketabk\\node_modules\\express\\lib\\router\\route.js:144:13)\n    at Route.dispatch (d:\\program\\web\\java_script\\Node\\my_project\\ketabk\\node_modules\\express\\lib\\router\\route.js:114:3)\n    at Layer.handle [as handle_request] (d:\\program\\web\\java_script\\Node\\my_project\\ketabk\\node_modules\\express\\lib\\router\\layer.js:95:5)\n    at d:\\program\\web\\java_script\\Node\\my_project\\ketabk\\node_modules\\express\\lib\\router\\index.js:284:15\n    at Function.process_params (d:\\program\\web\\java_script\\Node\\my_project\\ketabk\\node_modules\\express\\lib\\router\\index.js:346:12)\n    at next (d:\\program\\web\\java_script\\Node\\my_project\\ketabk\\node_modules\\express\\lib\\router\\index.js:280:10)\n    at Function.handle (d:\\program\\web\\java_script\\Node\\my_project\\ketabk\\node_modules\\express\\lib\\router\\index.js:175:3)\n    at router (d:\\program\\web\\java_script\\Node\\my_project\\ketabk\\node_modules\\express\\lib\\router\\index.js:47:12)","timestamp":"2023-06-09T17:44:56.349Z"}
{"level":"error","message":"error while downloading  image is not defined","stack":"ReferenceError: image is not defined\n    at download (d:\\program\\web\\java_script\\Node\\my_project\\ketabk\\controller\\booksController.js:68:53)\n    at Layer.handle [as handle_request] (d:\\program\\web\\java_script\\Node\\my_project\\ketabk\\node_modules\\express\\lib\\router\\layer.js:95:5)\n    at next (d:\\program\\web\\java_script\\Node\\my_project\\ketabk\\node_modules\\express\\lib\\router\\route.js:144:13)\n    at Route.dispatch (d:\\program\\web\\java_script\\Node\\my_project\\ketabk\\node_modules\\express\\lib\\router\\route.js:114:3)\n    at Layer.handle [as handle_request] (d:\\program\\web\\java_script\\Node\\my_project\\ketabk\\node_modules\\express\\lib\\router\\layer.js:95:5)\n    at d:\\program\\web\\java_script\\Node\\my_project\\ketabk\\node_modules\\express\\lib\\router\\index.js:284:15\n    at Function.process_params (d:\\program\\web\\java_script\\Node\\my_project\\ketabk\\node_modules\\express\\lib\\router\\index.js:346:12)\n    at next (d:\\program\\web\\java_script\\Node\\my_project\\ketabk\\node_modules\\express\\lib\\router\\index.js:280:10)\n    at Function.handle (d:\\program\\web\\java_script\\Node\\my_project\\ketabk\\node_modules\\express\\lib\\router\\index.js:175:3)\n    at router (d:\\program\\web\\java_script\\Node\\my_project\\ketabk\\node_modules\\express\\lib\\router\\index.js:47:12)","timestamp":"2023-06-09T17:44:56.366Z"}
{"level":"error","message":"error while downloading  image is not defined","stack":"ReferenceError: image is not defined\n    at download (d:\\program\\web\\java_script\\Node\\my_project\\ketabk\\controller\\booksController.js:68:53)\n    at Layer.handle [as handle_request] (d:\\program\\web\\java_script\\Node\\my_project\\ketabk\\node_modules\\express\\lib\\router\\layer.js:95:5)\n    at next (d:\\program\\web\\java_script\\Node\\my_project\\ketabk\\node_modules\\express\\lib\\router\\route.js:144:13)\n    at Route.dispatch (d:\\program\\web\\java_script\\Node\\my_project\\ketabk\\node_modules\\express\\lib\\router\\route.js:114:3)\n    at Layer.handle [as handle_request] (d:\\program\\web\\java_script\\Node\\my_project\\ketabk\\node_modules\\express\\lib\\router\\layer.js:95:5)\n    at d:\\program\\web\\java_script\\Node\\my_project\\ketabk\\node_modules\\express\\lib\\router\\index.js:284:15\n    at Function.process_params (d:\\program\\web\\java_script\\Node\\my_project\\ketabk\\node_modules\\express\\lib\\router\\index.js:346:12)\n    at next (d:\\program\\web\\java_script\\Node\\my_project\\ketabk\\node_modules\\express\\lib\\router\\index.js:280:10)\n    at Function.handle (d:\\program\\web\\java_script\\Node\\my_project\\ketabk\\node_modules\\express\\lib\\router\\index.js:175:3)\n    at router (d:\\program\\web\\java_script\\Node\\my_project\\ketabk\\node_modules\\express\\lib\\router\\index.js:47:12)","timestamp":"2023-06-09T17:44:56.661Z"}
{"level":"error","message":"error while downloading  image is not defined","stack":"ReferenceError: image is not defined\n    at download (d:\\program\\web\\java_script\\Node\\my_project\\ketabk\\controller\\booksController.js:68:53)\n    at Layer.handle [as handle_request] (d:\\program\\web\\java_script\\Node\\my_project\\ketabk\\node_modules\\express\\lib\\router\\layer.js:95:5)\n    at next (d:\\program\\web\\java_script\\Node\\my_project\\ketabk\\node_modules\\express\\lib\\router\\route.js:144:13)\n    at Route.dispatch (d:\\program\\web\\java_script\\Node\\my_project\\ketabk\\node_modules\\express\\lib\\router\\route.js:114:3)\n    at Layer.handle [as handle_request] (d:\\program\\web\\java_script\\Node\\my_project\\ketabk\\node_modules\\express\\lib\\router\\layer.js:95:5)\n    at d:\\program\\web\\java_script\\Node\\my_project\\ketabk\\node_modules\\express\\lib\\router\\index.js:284:15\n    at Function.process_params (d:\\program\\web\\java_script\\Node\\my_project\\ketabk\\node_modules\\express\\lib\\router\\index.js:346:12)\n    at next (d:\\program\\web\\java_script\\Node\\my_project\\ketabk\\node_modules\\express\\lib\\router\\index.js:280:10)\n    at Function.handle (d:\\program\\web\\java_script\\Node\\my_project\\ketabk\\node_modules\\express\\lib\\router\\index.js:175:3)\n    at router (d:\\program\\web\\java_script\\Node\\my_project\\ketabk\\node_modules\\express\\lib\\router\\index.js:47:12)","timestamp":"2023-06-09T17:44:56.686Z"}
{"level":"info","message":"download one ","timestamp":"2023-06-09T17:45:08.025Z"}
{"level":"info","message":"download one ","timestamp":"2023-06-09T17:47:22.122Z"}
{"level":"info","message":"download one ","timestamp":"2023-06-09T17:48:55.387Z"}
{"level":"info","message":"download one ","timestamp":"2023-06-09T17:48:56.107Z"}
{"level":"info","message":"download one ","timestamp":"2023-06-09T17:48:56.983Z"}
{"level":"info","message":"download one ","timestamp":"2023-06-09T17:48:57.862Z"}
